2025-07-20 02:34:42 | ERROR | ❌ Failed to load config.json: Expecting property name enclosed in double quotes: line 38 column 5 (char 907)
2025-07-20 02:34:42 | ERROR | ❌ Failed to send critical notification: cannot import name 'get_discord_log_webhook' from partially initialized module 'core.config' (most likely due to a circular import) (C:\Users\rahul\Desktop\f_trading_bot\core\config.py)
2025-07-20 02:35:19 | ERROR | ❌ Failed to load config.json: Expecting property name enclosed in double quotes: line 38 column 5 (char 907)
2025-07-20 02:35:19 | ERROR | ❌ Failed to send critical notification: cannot import name 'get_discord_log_webhook' from partially initialized module 'core.config' (most likely due to a circular import) (C:\Users\rahul\Desktop\f_trading_bot\core\config.py)
2025-07-20 02:35:56 | ERROR | ❌ Failed to load config.json: Expecting property name enclosed in double quotes: line 38 column 5 (char 907)
2025-07-20 02:35:56 | ERROR | ❌ Failed to send critical notification: cannot import name 'get_discord_log_webhook' from partially initialized module 'core.config' (most likely due to a circular import) (C:\Users\rahul\Desktop\f_trading_bot\core\config.py)
2025-07-20 02:36:33 | ERROR | ❌ Failed to load config.json: Expecting property name enclosed in double quotes: line 38 column 5 (char 907)
2025-07-20 02:36:33 | ERROR | ❌ Failed to send critical notification: cannot import name 'get_discord_log_webhook' from partially initialized module 'core.config' (most likely due to a circular import) (C:\Users\rahul\Desktop\f_trading_bot\core\config.py)
2025-07-20 02:37:10 | ERROR | ❌ Failed to load config.json: Expecting property name enclosed in double quotes: line 38 column 5 (char 907)
2025-07-20 02:37:10 | ERROR | ❌ Failed to send critical notification: cannot import name 'get_discord_log_webhook' from partially initialized module 'core.config' (most likely due to a circular import) (C:\Users\rahul\Desktop\f_trading_bot\core\config.py)
2025-07-20 02:37:47 | ERROR | ❌ Failed to load config.json: Expecting property name enclosed in double quotes: line 38 column 5 (char 907)
2025-07-20 02:37:47 | ERROR | ❌ Failed to send critical notification: cannot import name 'get_discord_log_webhook' from partially initialized module 'core.config' (most likely due to a circular import) (C:\Users\rahul\Desktop\f_trading_bot\core\config.py)
2025-07-20 02:38:24 | ERROR | ❌ Failed to load config.json: Expecting property name enclosed in double quotes: line 38 column 5 (char 907)
2025-07-20 02:38:24 | ERROR | ❌ Failed to send critical notification: cannot import name 'get_discord_log_webhook' from partially initialized module 'core.config' (most likely due to a circular import) (C:\Users\rahul\Desktop\f_trading_bot\core\config.py)
2025-07-20 02:45:34 | ERROR | ❌ Failed to load config: [Errno 2] No such file or directory: 'C:\\Users\\rahul\\Desktop\\f_trading_bot\\config.json'
2025-07-20 02:46:11 | ERROR | ❌ Failed to load config: [Errno 2] No such file or directory: 'C:\\Users\\rahul\\Desktop\\f_trading_bot\\config.json'
2025-07-20 02:46:48 | ERROR | ❌ Failed to load config: [Errno 2] No such file or directory: 'C:\\Users\\rahul\\Desktop\\f_trading_bot\\config.json'
2025-07-20 02:47:24 | ERROR | ❌ Failed to load config: [Errno 2] No such file or directory: 'C:\\Users\\rahul\\Desktop\\f_trading_bot\\config.json'
2025-07-20 02:48:00 | ERROR | ❌ Failed to load config: [Errno 2] No such file or directory: 'C:\\Users\\rahul\\Desktop\\f_trading_bot\\config.json'
2025-07-20 02:53:24 | ERROR | ❌ Invalid JSON in config: Expecting property name enclosed in double quotes: line 12 column 1 (char 260)
2025-07-20 02:53:24 | ERROR | ❌ Invalid JSON in config: Expecting property name enclosed in double quotes: line 12 column 1 (char 260)
2025-07-20 02:54:01 | ERROR | ❌ Invalid JSON in config: Expecting property name enclosed in double quotes: line 12 column 1 (char 260)
2025-07-20 02:54:01 | ERROR | ❌ Invalid JSON in config: Expecting property name enclosed in double quotes: line 12 column 1 (char 260)
2025-07-20 02:54:38 | ERROR | ❌ Invalid JSON in config: Expecting property name enclosed in double quotes: line 12 column 1 (char 260)
2025-07-20 02:54:38 | ERROR | ❌ Invalid JSON in config: Expecting property name enclosed in double quotes: line 12 column 1 (char 260)
2025-07-20 02:55:14 | ERROR | ❌ Invalid JSON in config: Expecting property name enclosed in double quotes: line 12 column 1 (char 260)
2025-07-20 02:55:14 | ERROR | ❌ Invalid JSON in config: Expecting property name enclosed in double quotes: line 12 column 1 (char 260)
2025-07-20 03:33:39 | CRITICAL | ❌ Scalper cycle error for ADAUSDT: 'numpy.ndarray' object has no attribute 'rolling'
2025-07-20 03:33:40 | CRITICAL | ❌ Scalper cycle error for BNBUSDT: 'numpy.ndarray' object has no attribute 'rolling'
2025-07-20 03:33:41 | CRITICAL | ❌ Scalper cycle error for BTCUSDT: 'numpy.ndarray' object has no attribute 'rolling'
2025-07-20 03:33:42 | CRITICAL | ❌ Scalper cycle error for DOGEUSDT: 'numpy.ndarray' object has no attribute 'rolling'
2025-07-20 03:33:42 | CRITICAL | ❌ Scalper cycle error for XRPUSDT: 'numpy.ndarray' object has no attribute 'rolling'
2025-07-20 03:33:58 | CRITICAL | ❌ Scalper cycle error for ADAUSDT: 'numpy.ndarray' object has no attribute 'rolling'
2025-07-20 03:33:59 | CRITICAL | ❌ Scalper cycle error for BNBUSDT: 'numpy.ndarray' object has no attribute 'rolling'
2025-07-20 03:33:59 | CRITICAL | ❌ Scalper cycle error for BTCUSDT: 'numpy.ndarray' object has no attribute 'rolling'
2025-07-20 03:34:00 | CRITICAL | ❌ Scalper cycle error for DOGEUSDT: 'numpy.ndarray' object has no attribute 'rolling'
2025-07-20 03:34:01 | CRITICAL | ❌ Scalper cycle error for XRPUSDT: 'numpy.ndarray' object has no attribute 'rolling'
2025-07-20 03:34:17 | CRITICAL | ❌ Scalper cycle error for ADAUSDT: 'numpy.ndarray' object has no attribute 'rolling'
2025-07-20 03:34:17 | CRITICAL | ❌ Scalper cycle error for BNBUSDT: 'numpy.ndarray' object has no attribute 'rolling'
2025-07-20 03:34:18 | CRITICAL | ❌ Scalper cycle error for BTCUSDT: 'numpy.ndarray' object has no attribute 'rolling'
2025-07-20 03:34:19 | CRITICAL | ❌ Scalper cycle error for DOGEUSDT: 'numpy.ndarray' object has no attribute 'rolling'
2025-07-20 03:34:19 | CRITICAL | ❌ Scalper cycle error for XRPUSDT: 'numpy.ndarray' object has no attribute 'rolling'
2025-07-20 03:34:35 | CRITICAL | ❌ Scalper cycle error for ADAUSDT: 'numpy.ndarray' object has no attribute 'rolling'
2025-07-20 03:34:36 | CRITICAL | ❌ Scalper cycle error for BNBUSDT: 'numpy.ndarray' object has no attribute 'rolling'
2025-07-20 03:34:36 | CRITICAL | ❌ Scalper cycle error for BTCUSDT: 'numpy.ndarray' object has no attribute 'rolling'
2025-07-20 03:34:37 | CRITICAL | ❌ Scalper cycle error for DOGEUSDT: 'numpy.ndarray' object has no attribute 'rolling'
2025-07-20 03:34:38 | CRITICAL | ❌ Scalper cycle error for XRPUSDT: 'numpy.ndarray' object has no attribute 'rolling'
2025-07-20 03:34:55 | CRITICAL | ❌ Scalper cycle error for ADAUSDT: 'numpy.ndarray' object has no attribute 'rolling'
2025-07-20 03:34:55 | CRITICAL | ❌ Scalper cycle error for BNBUSDT: 'numpy.ndarray' object has no attribute 'rolling'
2025-07-20 03:34:56 | CRITICAL | ❌ Scalper cycle error for BTCUSDT: 'numpy.ndarray' object has no attribute 'rolling'
2025-07-20 03:34:57 | CRITICAL | ❌ Scalper cycle error for DOGEUSDT: 'numpy.ndarray' object has no attribute 'rolling'
2025-07-20 03:34:57 | CRITICAL | ❌ Scalper cycle error for XRPUSDT: 'numpy.ndarray' object has no attribute 'rolling'
2025-07-20 03:35:13 | CRITICAL | ❌ Scalper cycle error for ADAUSDT: 'numpy.ndarray' object has no attribute 'rolling'
2025-07-20 03:35:14 | CRITICAL | ❌ Scalper cycle error for BNBUSDT: 'numpy.ndarray' object has no attribute 'rolling'
2025-07-20 03:35:15 | CRITICAL | ❌ Scalper cycle error for BTCUSDT: 'numpy.ndarray' object has no attribute 'rolling'
2025-07-20 03:35:16 | CRITICAL | ❌ Scalper cycle error for DOGEUSDT: 'numpy.ndarray' object has no attribute 'rolling'
2025-07-20 03:35:16 | CRITICAL | ❌ Scalper cycle error for XRPUSDT: 'numpy.ndarray' object has no attribute 'rolling'
2025-07-20 03:35:32 | CRITICAL | ❌ Scalper cycle error for ADAUSDT: 'numpy.ndarray' object has no attribute 'rolling'
2025-07-20 03:35:33 | CRITICAL | ❌ Scalper cycle error for BNBUSDT: 'numpy.ndarray' object has no attribute 'rolling'
2025-07-20 03:35:33 | CRITICAL | ❌ Scalper cycle error for BTCUSDT: 'numpy.ndarray' object has no attribute 'rolling'
2025-07-20 03:35:34 | CRITICAL | ❌ Scalper cycle error for DOGEUSDT: 'numpy.ndarray' object has no attribute 'rolling'
2025-07-20 03:35:35 | CRITICAL | ❌ Scalper cycle error for XRPUSDT: 'numpy.ndarray' object has no attribute 'rolling'
2025-07-20 03:35:50 | CRITICAL | ❌ Scalper cycle error for ADAUSDT: 'numpy.ndarray' object has no attribute 'rolling'
2025-07-20 03:35:51 | CRITICAL | ❌ Scalper cycle error for BNBUSDT: 'numpy.ndarray' object has no attribute 'rolling'
2025-07-20 03:35:52 | CRITICAL | ❌ Scalper cycle error for BTCUSDT: 'numpy.ndarray' object has no attribute 'rolling'
2025-07-20 03:35:53 | CRITICAL | ❌ Scalper cycle error for DOGEUSDT: 'numpy.ndarray' object has no attribute 'rolling'
2025-07-20 03:35:53 | CRITICAL | ❌ Scalper cycle error for XRPUSDT: 'numpy.ndarray' object has no attribute 'rolling'
2025-07-20 03:36:25 | ERROR | UT Bot signal generation failed: 'numpy.ndarray' object has no attribute 'rolling'
2025-07-20 03:36:25 | ERROR | STC calculation failed: 'close'
2025-07-20 03:36:26 | ERROR | UT Bot signal generation failed: 'numpy.ndarray' object has no attribute 'rolling'
2025-07-20 03:36:26 | ERROR | STC calculation failed: 'close'
2025-07-20 03:36:26 | ERROR | UT Bot signal generation failed: 'numpy.ndarray' object has no attribute 'rolling'
2025-07-20 03:36:26 | ERROR | STC calculation failed: 'close'
2025-07-20 03:36:26 | ERROR | UT Bot signal generation failed: 'numpy.ndarray' object has no attribute 'rolling'
2025-07-20 03:36:26 | ERROR | STC calculation failed: 'close'
2025-07-20 03:36:26 | ERROR | UT Bot signal generation failed: 'numpy.ndarray' object has no attribute 'rolling'
2025-07-20 03:36:26 | ERROR | STC calculation failed: 'close'
2025-07-20 03:36:41 | ERROR | UT Bot signal generation failed: 'numpy.ndarray' object has no attribute 'rolling'
2025-07-20 03:36:41 | ERROR | STC calculation failed: 'close'
2025-07-20 03:36:42 | ERROR | UT Bot signal generation failed: 'numpy.ndarray' object has no attribute 'rolling'
2025-07-20 03:36:42 | ERROR | STC calculation failed: 'close'
2025-07-20 03:36:42 | ERROR | UT Bot signal generation failed: 'numpy.ndarray' object has no attribute 'rolling'
2025-07-20 03:36:42 | ERROR | STC calculation failed: 'close'
2025-07-20 03:36:42 | ERROR | UT Bot signal generation failed: 'numpy.ndarray' object has no attribute 'rolling'
2025-07-20 03:36:42 | ERROR | STC calculation failed: 'close'
2025-07-20 03:36:42 | ERROR | UT Bot signal generation failed: 'numpy.ndarray' object has no attribute 'rolling'
2025-07-20 03:36:42 | ERROR | STC calculation failed: 'close'
2025-07-20 03:36:58 | ERROR | UT Bot signal generation failed: 'numpy.ndarray' object has no attribute 'rolling'
2025-07-20 03:36:58 | ERROR | STC calculation failed: 'close'
2025-07-20 03:36:58 | ERROR | UT Bot signal generation failed: 'numpy.ndarray' object has no attribute 'rolling'
2025-07-20 03:36:58 | ERROR | STC calculation failed: 'close'
2025-07-20 03:36:58 | ERROR | UT Bot signal generation failed: 'numpy.ndarray' object has no attribute 'rolling'
2025-07-20 03:36:58 | ERROR | STC calculation failed: 'close'
2025-07-20 03:36:58 | ERROR | UT Bot signal generation failed: 'numpy.ndarray' object has no attribute 'rolling'
2025-07-20 03:36:58 | ERROR | STC calculation failed: 'close'
2025-07-20 03:36:59 | ERROR | UT Bot signal generation failed: 'numpy.ndarray' object has no attribute 'rolling'
2025-07-20 03:36:59 | ERROR | STC calculation failed: 'close'
2025-07-20 03:37:14 | ERROR | UT Bot signal generation failed: 'numpy.ndarray' object has no attribute 'rolling'
2025-07-20 03:37:14 | ERROR | STC calculation failed: 'close'
2025-07-20 03:37:14 | ERROR | UT Bot signal generation failed: 'numpy.ndarray' object has no attribute 'rolling'
2025-07-20 03:37:14 | ERROR | STC calculation failed: 'close'
2025-07-20 03:37:14 | ERROR | UT Bot signal generation failed: 'numpy.ndarray' object has no attribute 'rolling'
2025-07-20 03:37:14 | ERROR | STC calculation failed: 'close'
2025-07-20 03:37:15 | ERROR | UT Bot signal generation failed: 'numpy.ndarray' object has no attribute 'rolling'
2025-07-20 03:37:15 | ERROR | STC calculation failed: 'close'
2025-07-20 03:37:15 | ERROR | UT Bot signal generation failed: 'numpy.ndarray' object has no attribute 'rolling'
2025-07-20 03:37:15 | ERROR | STC calculation failed: 'close'
2025-07-20 03:37:30 | ERROR | UT Bot signal generation failed: 'numpy.ndarray' object has no attribute 'rolling'
2025-07-20 03:37:30 | ERROR | STC calculation failed: 'close'
2025-07-20 03:37:30 | ERROR | UT Bot signal generation failed: 'numpy.ndarray' object has no attribute 'rolling'
2025-07-20 03:37:30 | ERROR | STC calculation failed: 'close'
2025-07-20 03:37:31 | ERROR | UT Bot signal generation failed: 'numpy.ndarray' object has no attribute 'rolling'
2025-07-20 03:37:31 | ERROR | STC calculation failed: 'close'
2025-07-20 03:37:31 | ERROR | UT Bot signal generation failed: 'numpy.ndarray' object has no attribute 'rolling'
2025-07-20 03:37:31 | ERROR | STC calculation failed: 'close'
2025-07-20 03:37:31 | ERROR | UT Bot signal generation failed: 'numpy.ndarray' object has no attribute 'rolling'
2025-07-20 03:37:31 | ERROR | STC calculation failed: 'close'
2025-07-20 03:37:46 | ERROR | UT Bot signal generation failed: 'numpy.ndarray' object has no attribute 'rolling'
2025-07-20 03:37:46 | ERROR | STC calculation failed: 'close'
2025-07-20 03:37:47 | ERROR | UT Bot signal generation failed: 'numpy.ndarray' object has no attribute 'rolling'
2025-07-20 03:37:47 | ERROR | STC calculation failed: 'close'
2025-07-20 03:37:47 | ERROR | UT Bot signal generation failed: 'numpy.ndarray' object has no attribute 'rolling'
2025-07-20 03:37:47 | ERROR | STC calculation failed: 'close'
2025-07-20 03:37:47 | ERROR | UT Bot signal generation failed: 'numpy.ndarray' object has no attribute 'rolling'
2025-07-20 03:37:47 | ERROR | STC calculation failed: 'close'
2025-07-20 03:37:47 | ERROR | UT Bot signal generation failed: 'numpy.ndarray' object has no attribute 'rolling'
2025-07-20 03:37:47 | ERROR | STC calculation failed: 'close'
2025-07-20 03:38:02 | ERROR | UT Bot signal generation failed: 'numpy.ndarray' object has no attribute 'rolling'
2025-07-20 03:38:02 | ERROR | STC calculation failed: 'close'
2025-07-20 03:38:03 | ERROR | UT Bot signal generation failed: 'numpy.ndarray' object has no attribute 'rolling'
2025-07-20 03:38:03 | ERROR | STC calculation failed: 'close'
2025-07-20 03:38:03 | ERROR | UT Bot signal generation failed: 'numpy.ndarray' object has no attribute 'rolling'
2025-07-20 03:38:03 | ERROR | STC calculation failed: 'close'
2025-07-20 03:38:03 | ERROR | UT Bot signal generation failed: 'numpy.ndarray' object has no attribute 'rolling'
2025-07-20 03:38:03 | ERROR | STC calculation failed: 'close'
2025-07-20 03:38:03 | ERROR | UT Bot signal generation failed: 'numpy.ndarray' object has no attribute 'rolling'
2025-07-20 03:38:03 | ERROR | STC calculation failed: 'close'
2025-07-20 03:38:19 | ERROR | UT Bot signal generation failed: 'numpy.ndarray' object has no attribute 'rolling'
2025-07-20 03:38:19 | ERROR | STC calculation failed: 'close'
2025-07-20 03:38:19 | ERROR | UT Bot signal generation failed: 'numpy.ndarray' object has no attribute 'rolling'
2025-07-20 03:38:19 | ERROR | STC calculation failed: 'close'
2025-07-20 03:38:19 | ERROR | UT Bot signal generation failed: 'numpy.ndarray' object has no attribute 'rolling'
2025-07-20 03:38:19 | ERROR | STC calculation failed: 'close'
2025-07-20 03:38:19 | ERROR | UT Bot signal generation failed: 'numpy.ndarray' object has no attribute 'rolling'
2025-07-20 03:38:19 | ERROR | STC calculation failed: 'close'
2025-07-20 03:38:20 | ERROR | UT Bot signal generation failed: 'numpy.ndarray' object has no attribute 'rolling'
2025-07-20 03:38:20 | ERROR | STC calculation failed: 'close'
2025-07-20 03:39:04 | ERROR | ATR calculation failed: 'numpy.ndarray' object has no attribute 'rolling'
2025-07-20 03:39:04 | ERROR | ATR calculation failed: 'numpy.ndarray' object has no attribute 'rolling'
2025-07-20 03:39:04 | ERROR | ATR calculation failed: 'numpy.ndarray' object has no attribute 'rolling'
2025-07-20 03:39:04 | ERROR | ATR calculation failed: 'numpy.ndarray' object has no attribute 'rolling'
2025-07-20 03:39:04 | ERROR | ATR calculation failed: 'numpy.ndarray' object has no attribute 'rolling'
2025-07-20 03:39:04 | ERROR | ATR calculation failed: 'numpy.ndarray' object has no attribute 'rolling'
2025-07-20 03:39:04 | ERROR | ATR calculation failed: 'numpy.ndarray' object has no attribute 'rolling'
2025-07-20 03:39:04 | ERROR | ATR calculation failed: 'numpy.ndarray' object has no attribute 'rolling'
2025-07-20 03:39:05 | ERROR | ATR calculation failed: 'numpy.ndarray' object has no attribute 'rolling'
2025-07-20 03:39:05 | ERROR | ATR calculation failed: 'numpy.ndarray' object has no attribute 'rolling'
2025-07-20 03:39:20 | ERROR | ATR calculation failed: 'numpy.ndarray' object has no attribute 'rolling'
2025-07-20 03:39:26 | ERROR | ATR calculation failed: 'numpy.ndarray' object has no attribute 'rolling'
2025-07-20 03:39:26 | ERROR | ATR calculation failed: 'numpy.ndarray' object has no attribute 'rolling'
2025-07-20 03:39:26 | ERROR | ATR calculation failed: 'numpy.ndarray' object has no attribute 'rolling'
2025-07-20 03:39:27 | ERROR | ATR calculation failed: 'numpy.ndarray' object has no attribute 'rolling'
2025-07-20 03:39:27 | ERROR | ATR calculation failed: 'numpy.ndarray' object has no attribute 'rolling'
2025-07-20 03:39:27 | ERROR | ATR calculation failed: 'numpy.ndarray' object has no attribute 'rolling'
2025-07-20 03:39:27 | ERROR | ATR calculation failed: 'numpy.ndarray' object has no attribute 'rolling'
2025-07-20 03:39:27 | ERROR | ATR calculation failed: 'numpy.ndarray' object has no attribute 'rolling'
2025-07-20 03:39:27 | ERROR | ATR calculation failed: 'numpy.ndarray' object has no attribute 'rolling'
2025-07-20 03:39:42 | ERROR | ATR calculation failed: 'numpy.ndarray' object has no attribute 'rolling'
2025-07-20 03:39:42 | ERROR | ATR calculation failed: 'numpy.ndarray' object has no attribute 'rolling'
2025-07-20 03:39:43 | ERROR | ATR calculation failed: 'numpy.ndarray' object has no attribute 'rolling'
2025-07-20 03:39:43 | ERROR | ATR calculation failed: 'numpy.ndarray' object has no attribute 'rolling'
2025-07-20 03:39:43 | ERROR | ATR calculation failed: 'numpy.ndarray' object has no attribute 'rolling'
2025-07-20 03:39:43 | ERROR | ATR calculation failed: 'numpy.ndarray' object has no attribute 'rolling'
2025-07-20 03:39:43 | ERROR | ATR calculation failed: 'numpy.ndarray' object has no attribute 'rolling'
2025-07-20 03:39:43 | ERROR | ATR calculation failed: 'numpy.ndarray' object has no attribute 'rolling'
2025-07-20 03:39:44 | ERROR | ATR calculation failed: 'numpy.ndarray' object has no attribute 'rolling'
2025-07-20 03:39:44 | ERROR | ATR calculation failed: 'numpy.ndarray' object has no attribute 'rolling'
2025-07-20 03:39:59 | ERROR | ATR calculation failed: 'numpy.ndarray' object has no attribute 'rolling'
2025-07-20 03:39:59 | ERROR | ATR calculation failed: 'numpy.ndarray' object has no attribute 'rolling'
2025-07-20 03:39:59 | ERROR | ATR calculation failed: 'numpy.ndarray' object has no attribute 'rolling'
2025-07-20 03:39:59 | ERROR | ATR calculation failed: 'numpy.ndarray' object has no attribute 'rolling'
2025-07-20 03:39:59 | ERROR | ATR calculation failed: 'numpy.ndarray' object has no attribute 'rolling'
2025-07-20 03:39:59 | ERROR | ATR calculation failed: 'numpy.ndarray' object has no attribute 'rolling'
2025-07-20 03:40:00 | ERROR | ATR calculation failed: 'numpy.ndarray' object has no attribute 'rolling'
2025-07-20 03:40:00 | ERROR | ATR calculation failed: 'numpy.ndarray' object has no attribute 'rolling'
2025-07-20 03:40:00 | ERROR | ATR calculation failed: 'numpy.ndarray' object has no attribute 'rolling'
2025-07-20 03:40:00 | ERROR | ATR calculation failed: 'numpy.ndarray' object has no attribute 'rolling'
2025-07-20 03:40:15 | ERROR | ATR calculation failed: 'numpy.ndarray' object has no attribute 'rolling'
2025-07-20 03:40:15 | ERROR | ATR calculation failed: 'numpy.ndarray' object has no attribute 'rolling'
2025-07-20 03:40:15 | ERROR | ATR calculation failed: 'numpy.ndarray' object has no attribute 'rolling'
2025-07-20 03:40:15 | ERROR | ATR calculation failed: 'numpy.ndarray' object has no attribute 'rolling'
2025-07-20 03:40:16 | ERROR | ATR calculation failed: 'numpy.ndarray' object has no attribute 'rolling'
2025-07-20 03:40:16 | ERROR | ATR calculation failed: 'numpy.ndarray' object has no attribute 'rolling'
2025-07-20 03:40:16 | ERROR | ATR calculation failed: 'numpy.ndarray' object has no attribute 'rolling'
2025-07-20 03:40:16 | ERROR | ATR calculation failed: 'numpy.ndarray' object has no attribute 'rolling'
2025-07-20 03:40:16 | ERROR | ATR calculation failed: 'numpy.ndarray' object has no attribute 'rolling'
2025-07-20 03:40:16 | ERROR | ATR calculation failed: 'numpy.ndarray' object has no attribute 'rolling'
2025-07-20 03:40:31 | ERROR | ATR calculation failed: 'numpy.ndarray' object has no attribute 'rolling'
2025-07-20 03:40:31 | ERROR | ATR calculation failed: 'numpy.ndarray' object has no attribute 'rolling'
2025-07-20 03:40:32 | ERROR | ATR calculation failed: 'numpy.ndarray' object has no attribute 'rolling'
2025-07-20 03:40:32 | ERROR | ATR calculation failed: 'numpy.ndarray' object has no attribute 'rolling'
2025-07-20 03:40:32 | ERROR | ATR calculation failed: 'numpy.ndarray' object has no attribute 'rolling'
2025-07-20 03:40:32 | ERROR | ATR calculation failed: 'numpy.ndarray' object has no attribute 'rolling'
2025-07-20 03:40:32 | ERROR | ATR calculation failed: 'numpy.ndarray' object has no attribute 'rolling'
2025-07-20 03:40:32 | ERROR | ATR calculation failed: 'numpy.ndarray' object has no attribute 'rolling'
2025-07-20 03:40:32 | ERROR | ATR calculation failed: 'numpy.ndarray' object has no attribute 'rolling'
2025-07-20 03:40:32 | ERROR | ATR calculation failed: 'numpy.ndarray' object has no attribute 'rolling'
2025-07-20 03:40:48 | ERROR | ATR calculation failed: 'numpy.ndarray' object has no attribute 'rolling'
2025-07-20 03:40:48 | ERROR | ATR calculation failed: 'numpy.ndarray' object has no attribute 'rolling'
2025-07-20 03:40:48 | ERROR | ATR calculation failed: 'numpy.ndarray' object has no attribute 'rolling'
2025-07-20 03:40:48 | ERROR | ATR calculation failed: 'numpy.ndarray' object has no attribute 'rolling'
2025-07-20 03:40:48 | ERROR | ATR calculation failed: 'numpy.ndarray' object has no attribute 'rolling'
2025-07-20 03:40:48 | ERROR | ATR calculation failed: 'numpy.ndarray' object has no attribute 'rolling'
2025-07-20 03:40:48 | ERROR | ATR calculation failed: 'numpy.ndarray' object has no attribute 'rolling'
2025-07-20 03:40:48 | ERROR | ATR calculation failed: 'numpy.ndarray' object has no attribute 'rolling'
2025-07-20 03:40:49 | ERROR | ATR calculation failed: 'numpy.ndarray' object has no attribute 'rolling'
2025-07-20 03:40:49 | ERROR | ATR calculation failed: 'numpy.ndarray' object has no attribute 'rolling'
2025-07-20 03:41:04 | ERROR | ATR calculation failed: 'numpy.ndarray' object has no attribute 'rolling'
2025-07-20 03:41:04 | ERROR | ATR calculation failed: 'numpy.ndarray' object has no attribute 'rolling'
2025-07-20 03:41:04 | ERROR | ATR calculation failed: 'numpy.ndarray' object has no attribute 'rolling'
2025-07-20 03:41:04 | ERROR | ATR calculation failed: 'numpy.ndarray' object has no attribute 'rolling'
2025-07-20 03:41:05 | ERROR | ATR calculation failed: 'numpy.ndarray' object has no attribute 'rolling'
2025-07-20 03:41:05 | ERROR | ATR calculation failed: 'numpy.ndarray' object has no attribute 'rolling'
2025-07-20 03:41:05 | ERROR | ATR calculation failed: 'numpy.ndarray' object has no attribute 'rolling'
2025-07-20 03:41:05 | ERROR | ATR calculation failed: 'numpy.ndarray' object has no attribute 'rolling'
2025-07-20 03:41:05 | ERROR | ATR calculation failed: 'numpy.ndarray' object has no attribute 'rolling'
2025-07-20 03:41:05 | ERROR | ATR calculation failed: 'numpy.ndarray' object has no attribute 'rolling'
2025-07-20 03:41:20 | ERROR | ATR calculation failed: 'numpy.ndarray' object has no attribute 'rolling'
2025-07-20 03:41:20 | ERROR | ATR calculation failed: 'numpy.ndarray' object has no attribute 'rolling'
2025-07-20 03:45:47 | ERROR | ATR calculation failed: 'numpy.ndarray' object has no attribute 'rolling'
2025-07-20 03:45:47 | ERROR | ATR calculation failed: 'numpy.ndarray' object has no attribute 'rolling'
2025-07-20 03:45:47 | ERROR | ATR calculation failed: 'numpy.ndarray' object has no attribute 'rolling'
2025-07-20 03:45:47 | ERROR | ATR calculation failed: 'numpy.ndarray' object has no attribute 'rolling'
2025-07-20 03:45:47 | ERROR | ATR calculation failed: 'numpy.ndarray' object has no attribute 'rolling'
2025-07-20 03:45:47 | ERROR | ATR calculation failed: 'numpy.ndarray' object has no attribute 'rolling'
2025-07-20 03:45:47 | ERROR | ATR calculation failed: 'numpy.ndarray' object has no attribute 'rolling'
2025-07-20 03:45:47 | ERROR | ATR calculation failed: 'numpy.ndarray' object has no attribute 'rolling'
2025-07-20 03:45:48 | ERROR | ATR calculation failed: 'numpy.ndarray' object has no attribute 'rolling'
2025-07-20 03:45:48 | ERROR | ATR calculation failed: 'numpy.ndarray' object has no attribute 'rolling'
2025-07-20 03:46:03 | ERROR | ATR calculation failed: 'numpy.ndarray' object has no attribute 'rolling'
2025-07-20 03:46:03 | ERROR | ATR calculation failed: 'numpy.ndarray' object has no attribute 'rolling'
2025-07-20 03:46:03 | ERROR | ATR calculation failed: 'numpy.ndarray' object has no attribute 'rolling'
2025-07-20 03:46:03 | ERROR | ATR calculation failed: 'numpy.ndarray' object has no attribute 'rolling'
2025-07-20 03:46:03 | ERROR | ATR calculation failed: 'numpy.ndarray' object has no attribute 'rolling'
2025-07-20 03:46:03 | ERROR | ATR calculation failed: 'numpy.ndarray' object has no attribute 'rolling'
2025-07-20 03:46:03 | ERROR | ATR calculation failed: 'numpy.ndarray' object has no attribute 'rolling'
2025-07-20 03:46:03 | ERROR | ATR calculation failed: 'numpy.ndarray' object has no attribute 'rolling'
2025-07-20 03:46:04 | ERROR | ATR calculation failed: 'numpy.ndarray' object has no attribute 'rolling'
2025-07-20 03:46:04 | ERROR | ATR calculation failed: 'numpy.ndarray' object has no attribute 'rolling'
2025-07-20 03:46:19 | ERROR | ATR calculation failed: 'numpy.ndarray' object has no attribute 'rolling'
2025-07-20 03:46:19 | ERROR | ATR calculation failed: 'numpy.ndarray' object has no attribute 'rolling'
2025-07-20 03:46:19 | ERROR | ATR calculation failed: 'numpy.ndarray' object has no attribute 'rolling'
2025-07-20 03:46:19 | ERROR | ATR calculation failed: 'numpy.ndarray' object has no attribute 'rolling'
2025-07-20 03:46:19 | ERROR | ATR calculation failed: 'numpy.ndarray' object has no attribute 'rolling'
2025-07-20 03:46:19 | ERROR | ATR calculation failed: 'numpy.ndarray' object has no attribute 'rolling'
2025-07-20 03:46:20 | ERROR | ATR calculation failed: 'numpy.ndarray' object has no attribute 'rolling'
2025-07-20 03:46:20 | ERROR | ATR calculation failed: 'numpy.ndarray' object has no attribute 'rolling'
2025-07-20 03:46:20 | ERROR | ATR calculation failed: 'numpy.ndarray' object has no attribute 'rolling'
2025-07-20 03:46:20 | ERROR | ATR calculation failed: 'numpy.ndarray' object has no attribute 'rolling'
