2025-07-21 00:00:02 | INFO | [ONCE] ADAUSDT 游닌 5M Rolling cache updated at 1753081200000
2025-07-21 00:00:03 | INFO | [ONCE] BNBUSDT 游닌 5M Rolling cache updated at 1753081200000
2025-07-21 00:00:03 | INFO | [ONCE] BTCUSDT 游닌 5M Rolling cache updated at 1753081200000
2025-07-21 00:00:03 | INFO | [ONCE] DOGEUSDT 游닌 5M Rolling cache updated at 1753081200000
2025-07-21 00:00:03 | INFO | [ONCE] XRPUSDT 游닌 5M Rolling cache updated at 1753081200000
2025-07-21 00:05:08 | INFO | [ONCE] ADAUSDT 游닌 5M Rolling cache updated at 1753081500000
2025-07-21 00:05:08 | INFO | [ONCE] BNBUSDT 游닌 5M Rolling cache updated at 1753081500000
2025-07-21 00:05:08 | INFO | [ONCE] BTCUSDT 游닌 5M Rolling cache updated at 1753081500000
2025-07-21 00:05:09 | INFO | [ONCE] DOGEUSDT 游닌 5M Rolling cache updated at 1753081500000
2025-07-21 00:05:09 | INFO | [ONCE] XRPUSDT 游닌 5M Rolling cache updated at 1753081500000
2025-07-21 00:10:14 | INFO | [ONCE] ADAUSDT 游닌 5M Rolling cache updated at 1753081800000
2025-07-21 00:10:15 | INFO | [ONCE] BNBUSDT 游닌 5M Rolling cache updated at 1753081800000
2025-07-21 00:10:15 | INFO | [ONCE] BTCUSDT 游닌 5M Rolling cache updated at 1753081800000
2025-07-21 00:10:15 | INFO | [ONCE] DOGEUSDT 游닌 5M Rolling cache updated at 1753081800000
2025-07-21 00:10:15 | INFO | [ONCE] XRPUSDT 游닌 5M Rolling cache updated at 1753081800000
2025-07-21 00:15:04 | INFO | [ONCE] ADAUSDT 游닌 5M Rolling cache updated at 1753082100000
2025-07-21 00:15:05 | INFO | [ONCE] BNBUSDT 游닌 5M Rolling cache updated at 1753082100000
2025-07-21 00:15:05 | INFO | [ONCE] BTCUSDT 游닌 5M Rolling cache updated at 1753082100000
2025-07-21 00:15:05 | INFO | [ONCE] DOGEUSDT 游닌 5M Rolling cache updated at 1753082100000
2025-07-21 00:15:05 | INFO | [ONCE] XRPUSDT 游닌 5M Rolling cache updated at 1753082100000
2025-07-21 00:20:11 | INFO | [ONCE] ADAUSDT 游닌 5M Rolling cache updated at 1753082400000
2025-07-21 00:20:11 | INFO | [ONCE] BNBUSDT 游닌 5M Rolling cache updated at 1753082400000
2025-07-21 00:20:11 | INFO | [ONCE] BTCUSDT 游닌 5M Rolling cache updated at 1753082400000
2025-07-21 00:20:11 | INFO | [ONCE] DOGEUSDT 游닌 5M Rolling cache updated at 1753082400000
2025-07-21 00:20:12 | INFO | [ONCE] XRPUSDT 游닌 5M Rolling cache updated at 1753082400000
2025-07-21 00:25:02 | INFO | [ONCE] ADAUSDT 游닌 5M Rolling cache updated at 1753082700000
2025-07-21 00:25:02 | INFO | [ONCE] BNBUSDT 游닌 5M Rolling cache updated at 1753082700000
2025-07-21 00:25:02 | INFO | [ONCE] BTCUSDT 游닌 5M Rolling cache updated at 1753082700000
2025-07-21 00:25:02 | INFO | [ONCE] DOGEUSDT 游닌 5M Rolling cache updated at 1753082700000
2025-07-21 00:25:03 | INFO | [ONCE] XRPUSDT 游닌 5M Rolling cache updated at 1753082700000
2025-07-21 00:30:09 | INFO | [ONCE] ADAUSDT 游닌 5M Rolling cache updated at 1753083000000
2025-07-21 00:30:09 | INFO | [ONCE] BNBUSDT 游닌 5M Rolling cache updated at 1753083000000
2025-07-21 00:30:09 | INFO | [ONCE] BTCUSDT 游닌 5M Rolling cache updated at 1753083000000
2025-07-21 00:30:09 | INFO | [ONCE] DOGEUSDT 游닌 5M Rolling cache updated at 1753083000000
2025-07-21 00:30:09 | INFO | [ONCE] XRPUSDT 游닌 5M Rolling cache updated at 1753083000000
2025-07-21 00:35:15 | INFO | [ONCE] ADAUSDT 游닌 5M Rolling cache updated at 1753083300000
2025-07-21 00:35:15 | INFO | [ONCE] BNBUSDT 游닌 5M Rolling cache updated at 1753083300000
2025-07-21 00:35:15 | INFO | [ONCE] BTCUSDT 游닌 5M Rolling cache updated at 1753083300000
2025-07-21 00:35:16 | INFO | [ONCE] DOGEUSDT 游닌 5M Rolling cache updated at 1753083300000
2025-07-21 00:35:16 | INFO | [ONCE] XRPUSDT 游닌 5M Rolling cache updated at 1753083300000
2025-07-21 00:40:05 | INFO | [ONCE] ADAUSDT 游닌 5M Rolling cache updated at 1753083600000
2025-07-21 00:40:05 | INFO | [ONCE] BNBUSDT 游닌 5M Rolling cache updated at 1753083600000
2025-07-21 00:40:06 | INFO | [ONCE] BTCUSDT 游닌 5M Rolling cache updated at 1753083600000
2025-07-21 00:40:06 | INFO | [ONCE] DOGEUSDT 游닌 5M Rolling cache updated at 1753083600000
2025-07-21 00:40:06 | INFO | [ONCE] XRPUSDT 游닌 5M Rolling cache updated at 1753083600000
2025-07-21 00:45:12 | INFO | [ONCE] ADAUSDT 游닌 5M Rolling cache updated at 1753083900000
2025-07-21 00:45:12 | INFO | [ONCE] BNBUSDT 游닌 5M Rolling cache updated at 1753083900000
2025-07-21 00:45:12 | INFO | [ONCE] BTCUSDT 游닌 5M Rolling cache updated at 1753083900000
2025-07-21 00:45:12 | INFO | [ONCE] DOGEUSDT 游닌 5M Rolling cache updated at 1753083900000
2025-07-21 00:45:13 | INFO | [ONCE] XRPUSDT 游닌 5M Rolling cache updated at 1753083900000
2025-07-21 00:50:02 | INFO | [ONCE] ADAUSDT 游닌 5M Rolling cache updated at 1753084200000
2025-07-21 00:50:03 | INFO | [ONCE] BNBUSDT 游닌 5M Rolling cache updated at 1753084200000
2025-07-21 00:50:03 | INFO | [ONCE] BTCUSDT 游닌 5M Rolling cache updated at 1753084200000
2025-07-21 00:50:03 | INFO | [ONCE] DOGEUSDT 游닌 5M Rolling cache updated at 1753084200000
2025-07-21 00:50:03 | INFO | [ONCE] XRPUSDT 游닌 5M Rolling cache updated at 1753084200000
2025-07-21 00:55:09 | INFO | [ONCE] ADAUSDT 游닌 5M Rolling cache updated at 1753084500000
2025-07-21 00:55:09 | INFO | [ONCE] BNBUSDT 游닌 5M Rolling cache updated at 1753084500000
2025-07-21 00:55:09 | INFO | [ONCE] BTCUSDT 游닌 5M Rolling cache updated at 1753084500000
2025-07-21 00:55:09 | INFO | [ONCE] DOGEUSDT 游닌 5M Rolling cache updated at 1753084500000
2025-07-21 00:55:10 | INFO | [ONCE] XRPUSDT 游닌 5M Rolling cache updated at 1753084500000
2025-07-21 01:00:15 | INFO | [ONCE] ADAUSDT 游닌 5M Rolling cache updated at 1753084800000
2025-07-21 01:00:15 | INFO | [ONCE] BNBUSDT 游닌 5M Rolling cache updated at 1753084800000
2025-07-21 01:00:16 | INFO | [ONCE] BTCUSDT 游닌 5M Rolling cache updated at 1753084800000
2025-07-21 01:00:16 | INFO | [ONCE] DOGEUSDT 游닌 5M Rolling cache updated at 1753084800000
2025-07-21 01:00:16 | INFO | [ONCE] XRPUSDT 游닌 5M Rolling cache updated at 1753084800000
2025-07-21 01:05:05 | INFO | [ONCE] ADAUSDT 游닌 5M Rolling cache updated at 1753085100000
2025-07-21 01:05:06 | INFO | [ONCE] BNBUSDT 游닌 5M Rolling cache updated at 1753085100000
2025-07-21 01:05:06 | INFO | [ONCE] BTCUSDT 游닌 5M Rolling cache updated at 1753085100000
2025-07-21 01:05:06 | INFO | [ONCE] DOGEUSDT 游닌 5M Rolling cache updated at 1753085100000
2025-07-21 01:05:06 | INFO | [ONCE] XRPUSDT 游닌 5M Rolling cache updated at 1753085100000
2025-07-21 01:10:12 | INFO | [ONCE] ADAUSDT 游닌 5M Rolling cache updated at 1753085400000
2025-07-21 01:10:13 | INFO | [ONCE] BNBUSDT 游닌 5M Rolling cache updated at 1753085400000
2025-07-21 01:10:13 | INFO | [ONCE] BTCUSDT 游닌 5M Rolling cache updated at 1753085400000
2025-07-21 01:10:13 | INFO | [ONCE] DOGEUSDT 游닌 5M Rolling cache updated at 1753085400000
2025-07-21 01:10:13 | INFO | [ONCE] XRPUSDT 游닌 5M Rolling cache updated at 1753085400000
2025-07-21 01:15:03 | INFO | [ONCE] ADAUSDT 游닌 5M Rolling cache updated at 1753085700000
2025-07-21 01:15:03 | INFO | [ONCE] BNBUSDT 游닌 5M Rolling cache updated at 1753085700000
2025-07-21 01:15:03 | INFO | [ONCE] BTCUSDT 游닌 5M Rolling cache updated at 1753085700000
2025-07-21 01:15:04 | INFO | [ONCE] DOGEUSDT 游닌 5M Rolling cache updated at 1753085700000
2025-07-21 01:15:04 | INFO | [ONCE] XRPUSDT 游닌 5M Rolling cache updated at 1753085700000
2025-07-21 01:20:10 | INFO | [ONCE] ADAUSDT 游닌 5M Rolling cache updated at 1753086000000
2025-07-21 01:20:10 | INFO | [ONCE] BNBUSDT 游닌 5M Rolling cache updated at 1753086000000
2025-07-21 01:20:10 | INFO | [ONCE] BTCUSDT 游닌 5M Rolling cache updated at 1753086000000
2025-07-21 01:20:10 | INFO | [ONCE] DOGEUSDT 游닌 5M Rolling cache updated at 1753086000000
2025-07-21 01:20:11 | INFO | [ONCE] XRPUSDT 游닌 5M Rolling cache updated at 1753086000000
2025-07-21 01:25:02 | INFO | [ONCE] BTCUSDT 游닌 5M Rolling cache updated at 1753086300000
2025-07-21 01:25:02 | INFO | [ONCE] DOGEUSDT 游닌 5M Rolling cache updated at 1753086300000
2025-07-21 01:25:02 | INFO | [ONCE] XRPUSDT 游닌 5M Rolling cache updated at 1753086300000
2025-07-21 01:25:17 | INFO | [ONCE] ADAUSDT 游닌 5M Rolling cache updated at 1753086300000
2025-07-21 01:25:18 | INFO | [ONCE] BNBUSDT 游닌 5M Rolling cache updated at 1753086300000
2025-07-21 01:30:08 | INFO | [ONCE] ADAUSDT 游닌 5M Rolling cache updated at 1753086600000
2025-07-21 01:30:08 | INFO | [ONCE] BNBUSDT 游닌 5M Rolling cache updated at 1753086600000
2025-07-21 01:30:08 | INFO | [ONCE] BTCUSDT 游닌 5M Rolling cache updated at 1753086600000
2025-07-21 01:30:09 | INFO | [ONCE] DOGEUSDT 游닌 5M Rolling cache updated at 1753086600000
2025-07-21 01:30:09 | INFO | [ONCE] XRPUSDT 游닌 5M Rolling cache updated at 1753086600000
2025-07-21 01:35:14 | INFO | [ONCE] ADAUSDT 游닌 5M Rolling cache updated at 1753086900000
2025-07-21 01:35:15 | INFO | [ONCE] BNBUSDT 游닌 5M Rolling cache updated at 1753086900000
2025-07-21 01:35:15 | INFO | [ONCE] BTCUSDT 游닌 5M Rolling cache updated at 1753086900000
2025-07-21 01:35:15 | INFO | [ONCE] DOGEUSDT 游닌 5M Rolling cache updated at 1753086900000
2025-07-21 01:35:15 | INFO | [ONCE] XRPUSDT 游닌 5M Rolling cache updated at 1753086900000
2025-07-21 01:40:05 | INFO | [ONCE] ADAUSDT 游닌 5M Rolling cache updated at 1753087200000
2025-07-21 01:40:05 | INFO | [ONCE] BNBUSDT 游닌 5M Rolling cache updated at 1753087200000
2025-07-21 01:40:05 | INFO | [ONCE] BTCUSDT 游닌 5M Rolling cache updated at 1753087200000
2025-07-21 01:40:05 | INFO | [ONCE] DOGEUSDT 游닌 5M Rolling cache updated at 1753087200000
2025-07-21 01:40:06 | INFO | [ONCE] XRPUSDT 游닌 5M Rolling cache updated at 1753087200000
2025-07-21 01:45:11 | INFO | [ONCE] ADAUSDT 游닌 5M Rolling cache updated at 1753087500000
2025-07-21 01:45:11 | INFO | [ONCE] BNBUSDT 游닌 5M Rolling cache updated at 1753087500000
2025-07-21 01:45:12 | INFO | [ONCE] BTCUSDT 游닌 5M Rolling cache updated at 1753087500000
2025-07-21 01:45:12 | INFO | [ONCE] DOGEUSDT 游닌 5M Rolling cache updated at 1753087500000
2025-07-21 01:45:12 | INFO | [ONCE] XRPUSDT 游닌 5M Rolling cache updated at 1753087500000
2025-07-21 01:50:02 | INFO | [ONCE] ADAUSDT 游닌 5M Rolling cache updated at 1753087800000
2025-07-21 01:50:02 | INFO | [ONCE] BNBUSDT 游닌 5M Rolling cache updated at 1753087800000
2025-07-21 01:50:02 | INFO | [ONCE] BTCUSDT 游닌 5M Rolling cache updated at 1753087800000
2025-07-21 01:50:02 | INFO | [ONCE] DOGEUSDT 游닌 5M Rolling cache updated at 1753087800000
2025-07-21 01:50:03 | INFO | [ONCE] XRPUSDT 游닌 5M Rolling cache updated at 1753087800000
2025-07-21 01:55:09 | INFO | [ONCE] ADAUSDT 游닌 5M Rolling cache updated at 1753088100000
2025-07-21 01:55:09 | INFO | [ONCE] BNBUSDT 游닌 5M Rolling cache updated at 1753088100000
2025-07-21 01:55:09 | INFO | [ONCE] BTCUSDT 游닌 5M Rolling cache updated at 1753088100000
2025-07-21 01:55:09 | INFO | [ONCE] DOGEUSDT 游닌 5M Rolling cache updated at 1753088100000
2025-07-21 01:55:10 | INFO | [ONCE] XRPUSDT 游닌 5M Rolling cache updated at 1753088100000
2025-07-21 02:00:16 | INFO | [ONCE] ADAUSDT 游닌 5M Rolling cache updated at 1753088400000
2025-07-21 02:00:16 | INFO | [ONCE] BNBUSDT 游닌 5M Rolling cache updated at 1753088400000
2025-07-21 02:00:16 | INFO | [ONCE] BTCUSDT 游닌 5M Rolling cache updated at 1753088400000
2025-07-21 02:00:16 | INFO | [ONCE] DOGEUSDT 游닌 5M Rolling cache updated at 1753088400000
2025-07-21 02:00:17 | INFO | [ONCE] XRPUSDT 游닌 5M Rolling cache updated at 1753088400000
2025-07-21 02:05:06 | INFO | [ONCE] ADAUSDT 游닌 5M Rolling cache updated at 1753088700000
2025-07-21 03:19:51 | INFO | [ONCE] BNBUSDT 游닌 5M Rolling cache updated at 1753092900000
2025-07-21 03:19:51 | INFO | [ONCE] BTCUSDT 游닌 5M Rolling cache updated at 1753092900000
2025-07-21 03:19:51 | INFO | [ONCE] DOGEUSDT 游닌 5M Rolling cache updated at 1753092900000
2025-07-21 03:19:52 | INFO | [ONCE] XRPUSDT 游닌 5M Rolling cache updated at 1753092900000
2025-07-21 03:20:07 | INFO | [ONCE] ADAUSDT 游닌 5M Rolling cache updated at 1753093200000
2025-07-21 03:20:07 | INFO | [ONCE] BNBUSDT 游닌 5M Rolling cache updated at 1753093200000
2025-07-21 03:20:07 | INFO | [ONCE] BTCUSDT 游닌 5M Rolling cache updated at 1753093200000
2025-07-21 03:20:08 | INFO | [ONCE] DOGEUSDT 游닌 5M Rolling cache updated at 1753093200000
2025-07-21 03:20:08 | INFO | [ONCE] XRPUSDT 游닌 5M Rolling cache updated at 1753093200000
