2025-07-18 00:18:40 | INFO | ADAUSDT 🚀 Sending LIVE MARKET ORDER SHORT | Qty: 114.0
2025-07-18 00:18:41 | INFO | ADAUSDT ✅ LIVE ENTRY at 0.8746 | SL: 0.8920 | TP: 0.8553
2025-07-18 00:54:37 | INFO | XRPUSDT 🚀 Sending LIVE MARKET ORDER SHORT | Qty: 28.8
2025-07-18 00:54:54 | INFO | XRPUSDT 🚀 Sending LIVE MARKET ORDER SHORT | Qty: 28.8
2025-07-18 01:03:46 | INFO | ADAUSDT 🚀 Sending LIVE MARKET ORDER LONG | Qty: 116.0
2025-07-18 01:03:47 | INFO | ADAUSDT ✅ LIVE ENTRY at 0.8585 | SL: 0.8413 | TP: 0.8773
2025-07-18 01:03:47 | INFO | DOGEUSDT 🚀 Sending LIVE MARKET ORDER LONG | Qty: 415.0
2025-07-18 01:03:48 | INFO | DOGEUSDT ✅ LIVE ENTRY at 0.2406 | SL: 0.2358 | TP: 0.2459
2025-07-18 01:03:49 | INFO | XRPUSDT 🚀 Sending LIVE MARKET ORDER LONG | Qty: 28.6
2025-07-18 01:04:22 | INFO | XRPUSDT 🚀 Sending LIVE MARKET ORDER LONG | Qty: 28.7
2025-07-18 01:04:39 | INFO | XRPUSDT 🚀 Sending LIVE MARKET ORDER LONG | Qty: 28.6
2025-07-18 06:06:44 | INFO | BNBUSDT 🚀 Sending LIVE MARKET ORDER LONG | Qty: 0.13
2025-07-18 06:06:45 | INFO | BNBUSDT ✅ LIVE ENTRY at 759.9600 | SL: 744.7600 | TP: 776.6700
2025-07-18 06:33:45 | INFO | DOGEUSDT 🚀 Sending LIVE MARKET ORDER LONG | Qty: 399.0
2025-07-18 06:33:46 | INFO | DOGEUSDT ✅ LIVE ENTRY at 0.2506 | SL: 0.2455 | TP: 0.2561
2025-07-18 07:17:20 | INFO | ADAUSDT 🚀 Sending LIVE MARKET ORDER SHORT | Qty: 117.0
2025-07-18 07:19:29 | INFO | ADAUSDT 🚀 Sending LIVE MARKET ORDER SHORT | Qty: 117.0
2025-07-18 08:03:36 | INFO | DOGEUSDT 🚀 Sending LIVE MARKET ORDER SHORT | Qty: 414.0
2025-07-18 08:03:38 | INFO | DOGEUSDT ✅ LIVE ENTRY at 0.2410 | SL: 0.2458 | TP: 0.2357
2025-07-18 08:14:51 | INFO | ADAUSDT 🚀 Sending LIVE MARKET ORDER SHORT | Qty: 120.0
2025-07-18 08:19:09 | INFO | ADAUSDT 🚀 Sending LIVE MARKET ORDER SHORT | Qty: 121.0
2025-07-18 08:19:59 | INFO | ADAUSDT 🚀 Sending LIVE MARKET ORDER SHORT | Qty: 121.0
2025-07-18 09:08:07 | INFO | DOGEUSDT 🚀 Sending LIVE MARKET ORDER SHORT | Qty: 424.0
2025-07-18 09:08:09 | INFO | DOGEUSDT ✅ LIVE ENTRY at 0.2357 | SL: 0.2404 | TP: 0.2305
2025-07-18 10:42:36 | INFO | BNBUSDT 🚀 Sending LIVE MARKET ORDER SHORT | Qty: 0.13
2025-07-18 10:42:37 | INFO | BNBUSDT ✅ LIVE ENTRY at 741.0000 | SL: 755.8200 | TP: 724.6900
2025-07-18 12:17:31 | INFO | XRPUSDT 🚀 Sending LIVE MARKET ORDER LONG | Qty: 28.9
2025-07-18 12:17:48 | INFO | XRPUSDT 🚀 Sending LIVE MARKET ORDER LONG | Qty: 28.9
2025-07-18 13:28:19 | INFO | DOGEUSDT 🚀 Sending LIVE MARKET ORDER SHORT | Qty: 439.0
2025-07-18 13:28:21 | INFO | DOGEUSDT ✅ LIVE ENTRY at 0.2276 | SL: 0.2322 | TP: 0.2226
2025-07-18 13:44:08 | INFO | XRPUSDT 🚀 Sending LIVE MARKET ORDER LONG | Qty: 29.4
2025-07-18 13:44:09 | INFO | XRPUSDT ✅ LIVE ENTRY at 3.3939 | SL: 3.3260 | TP: 3.4685
2025-07-18 15:27:16 | INFO | DOGEUSDT 🚀 Sending LIVE MARKET ORDER LONG | Qty: 425.0
2025-07-18 15:27:33 | INFO | ADAUSDT 🚀 Sending LIVE MARKET ORDER LONG | Qty: 122.0
2025-07-18 15:27:34 | INFO | DOGEUSDT 🚀 Sending LIVE MARKET ORDER LONG | Qty: 425.0
2025-07-18 15:27:51 | INFO | DOGEUSDT 🚀 Sending LIVE MARKET ORDER LONG | Qty: 424.0
2025-07-18 22:08:11 | INFO | DOGEUSDT 🚀 Sending LIVE MARKET ORDER SHORT | Qty: 397.0
2025-07-18 22:09:17 | INFO | DOGEUSDT 🚀 Sending LIVE MARKET ORDER SHORT | Qty: 396.0
2025-07-18 22:09:33 | INFO | DOGEUSDT 🚀 Sending LIVE MARKET ORDER SHORT | Qty: 396.0
2025-07-18 22:09:50 | INFO | DOGEUSDT 🚀 Sending LIVE MARKET ORDER SHORT | Qty: 397.0
2025-07-18 23:24:20 | INFO | DOGEUSDT 🚀 Sending LIVE MARKET ORDER SHORT | Qty: 399.0
